[35m[include-drivers middleware] Attempting to include these drivers: #{"google" "bigquery" "oracle" "mongo" "sqlite" "sparksql" "vertica" "presto" "druid" "redshift" "sqlserver" "googleanalytics" "snowflake"}[0m
[31m[include-drivers middleware] Not including vertica because not all dependencies matching #{#"^vertica-jdbc-.*\.jar$"} found in /plugins[0m
[31m[include-drivers middleware] Not including oracle because not all dependencies matching #{#"^ojdbc\d+\.jar$"} found in /plugins[0m
[35m[include-drivers middleware] including these drivers: #{"google" "bigquery" "mongo" "sqlite" "sparksql" "presto" "druid" "redshift" "sqlserver" "googleanalytics" "snowflake"}[0m
[32mLoad driver :sql took 2.5 s[0m
[32mLoad driver :sql-jdbc took 178.4 ms[0m
[32mLoad driver :postgres took 437.4 ms[0m
== Eastwood 0.3.11 Clojure 1.10.1 JVM 11.0.8 ==
Directories scanned for source files:
 
modules/drivers/mongo/src modules/drivers/google/src modules/drivers/presto/src modules/drivers/snowflake/src modules/drivers/redshift/src src modules/drivers/druid/src local/src enterprise/backend/src modules/drivers/bigquery/src modules/drivers/sqlserver/src backend/mbql/src dev/src modules/drivers/sparksql/src modules/drivers/googleanalytics/src modules/drivers/sqlite/src modules/drivers/sqlserver/test backend/mbql/test modules/drivers/presto/test enterprise/backend/test modules/drivers/redshift/test modules/drivers/bigquery/test modules/drivers/sparksql/test test modules/drivers/sqlite/test modules/drivers/snowflake/test modules/drivers/mongo/test modules/drivers/google/test modules/drivers/googleanalytics/test modules/drivers/druid/test
== Linting metabase.server.protocols ==
== Linting metabase.plugins.classloader ==
== Linting metabase.util.i18n.impl ==
== Linting metabase.util.i18n ==
== Linting metabase.config ==
== Linting metabase.util ==
== Linting metabase.util.date-2.common ==
== Linting metabase.util.date-2.parse.builder ==
== Linting metabase.query-processor.streaming.interface ==
== Linting metabase.async.util ==
== Linting metabase.query-processor.context ==
== Linting metabase.async.streaming-response.thread-pool ==
== Linting metabase.async.streaming-response ==
== Linting metabase.util.date-2.parse ==
== Linting metabase.util.date-2 ==
== Linting metabase.query-processor.streaming.common ==
== Linting metabase.query-processor.streaming.json ==
== Linting metabase.query-processor.streaming.csv ==
== Linting metabase.query-processor.streaming.xlsx ==
== Linting metabase.query-processor.streaming ==
== Linting metabase.types ==
== Linting metabase.util.encryption ==
== Linting metabase.db.spec ==
== Linting metabase.query-processor.error-type ==
== Linting metabase.db.liquibase ==
== Linting metabase.util.password ==
== Linting metabase.mbql.schema.helpers ==
== Linting metabase.util.schema ==
== Linting metabase.mbql.util.match ==
== Linting metabase.mbql.schema ==
== Linting metabase.db.jdbc-protocols ==
== Linting metabase.db ==
== Linting metabase.mbql.util ==
== Linting metabase.mbql.predicates ==
== Linting metabase.mbql.normalize ==
== Linting metabase.models.params ==
== Linting metabase.driver.common.parameters.dates ==
== Linting metabase.events ==
== Linting metabase.util.honeysql-extensions ==
== Linting metabase.models.setting.cache ==
== Linting metabase.models.setting ==
== Linting metabase.util.infer-spaces ==
== Linting metabase.models.humanization ==
== Linting metabase.models.common ==
== Linting metabase.models.permissions.parse ==
== Linting metabase.driver.impl ==
== Linting metabase.driver ==
== Linting metabase.driver.util ==
== Linting metabase.api.common.internal ==
== Linting metabase.util.cron ==
== Linting metabase.public-settings.metastore ==
== Linting metabase.models.interface ==
== Linting metabase.public-settings ==
== Linting metabase.api.common ==
== Linting metabase.pulse.render.style ==
== Linting metabase.middleware.util ==
== Linting metabase.middleware.misc ==
== Linting metabase.models.session ==
== Linting metabase.models.permissions-group ==
== Linting metabase.util.regex ==
== Linting metabase.models.permissions-revision ==
== Linting metabase.models.permissions ==
== Linting metabase.pulse.render.datetime ==
== Linting metabase.util.ui-logic ==
== Linting metabase.pulse.render.color ==
== Linting metabase.util.urls ==
== Linting metabase.pulse.render.image-bundle ==
== Linting metabase.pulse.render.common ==
== Linting metabase.pulse.render.png ==
== Linting metabase.util.quotation ==
== Linting metabase.pulse.render.sparkline ==
== Linting metabase.pulse.render.table ==
== Linting metabase.pulse.render.body ==
src/metabase/pulse/render/body.clj:189:22: wrong-arity: Function on var #'metabase.pulse.render.table/render-table called with 3 args, but it is only known to take one of the following args: [color-selector normalized-zero column-names [header & rows]]
== Linting metabase.pulse.render ==
== Linting metabase.email ==
== Linting metabase.email.messages ==
== Linting metabase.models.collection.root ==
== Linting metabase.models.permissions-group-membership ==
== Linting metabase.models.collection ==
== Linting metabase.models.user ==
== Linting metabase.models.revision.diff ==
== Linting metabase.models.revision ==
dbg wrong-pre-post: found 2 ASTs with :raw-forms containing assert of condition (map? object)
dbg wrong-pre-post: condition=(map? object) line=137 test-ast :op=null
== Linting metabase.models.segment ==
== Linting metabase.models.database ==
== Linting metabase.models.dependency ==
== Linting metabase.models.dimension ==
== Linting metabase.models.field-values ==
== Linting metabase.models.field ==
== Linting metabase.models.metric ==
== Linting metabase.models.table ==
== Linting metabase.query-processor.store ==
== Linting metabase.query-processor.middleware.binning ==
== Linting metabase.query-processor.util ==
== Linting metabase.models.query.permissions ==
== Linting metabase.models.query ==
== Linting metabase.models.card ==
== Linting metabase.query-processor.interface ==
== Linting metabase.query-processor.middleware.fetch-source-query ==
== Linting metabase.models.query-cache ==
== Linting metabase.query-processor.timezone ==
== Linting metabase.query-processor.middleware.wrap-value-literals ==
== Linting metabase.query-processor.middleware.desugar ==
== Linting metabase.sync.interface ==
== Linting metabase.models.task-history ==
== Linting metabase.sync.util ==
== Linting metabase.sync.analyze.classifiers.name ==
== Linting metabase.sync.analyze.fingerprint.fingerprinters ==
Warning: protocol #'metabase.sync.analyze.fingerprint.fingerprinters/ITemporalCoerceable is overwriting function ->temporal
== Linting metabase.query-processor.context.default ==
== Linting metabase.query-processor.reducible ==
== Linting metabase.query-processor.middleware.cumulative-aggregations ==
== Linting metabase.query-processor.middleware.store ==
== Linting metabase.query-processor.middleware.resolve-source-table ==
== Linting metabase.query-processor.middleware.resolve-fields ==
== Linting metabase.query-processor.middleware.resolve-referenced ==
== Linting metabase.query-processor.middleware.cache-backend.interface ==
== Linting metabase.query-processor.middleware.optimize-datetime-filters ==
== Linting metabase.automagic-dashboards.filters ==
== Linting metabase.query-processor.middleware.cache.impl ==
== Linting metabase.query-processor.middleware.add-source-metadata ==
== Linting metabase.models.query-execution ==
== Linting metabase.query-processor.middleware.resolve-joined-fields ==
== Linting metabase.query-processor.middleware.large-int-id ==
== Linting metabase.sync.analyze.fingerprint.insights ==
== Linting metabase.sync.analyze.query-results ==
== Linting metabase.query-processor.middleware.limit ==
== Linting metabase.models.dashboard-card-series ==
== Linting metabase.query-processor.middleware.permissions ==
== Linting metabase.models.dashboard-card ==
== Linting metabase.query-processor.middleware.add-rows-truncated ==
== Linting metabase.query-processor.middleware.constraints ==
== Linting metabase.query-processor.middleware.add-timezone-info ==
== Linting metabase.query-processor.middleware.parameters.mbql ==
== Linting metabase.query-processor.middleware.parameters.native ==
== Linting metabase.query-processor.middleware.parameters ==
== Linting metabase.query-processor.middleware.auto-bucket-datetimes ==
== Linting metabase.query-processor.middleware.results-metadata ==
== Linting metabase.query-processor.middleware.mbql-to-native ==
== Linting metabase.driver.common ==
== Linting metabase.query-processor.middleware.auto-parse-filter-values ==
== Linting metabase.query-processor.middleware.add-dimension-projections ==
== Linting metabase.query-processor.middleware.cache-backend.db ==
== Linting metabase.query-processor.middleware.check-features ==
== Linting metabase.query-processor.middleware.add-implicit-clauses ==
== Linting metabase.query-processor.middleware.resolve-database-and-driver ==
== Linting metabase.query-processor.middleware.cache ==
== Linting metabase.query-processor.middleware.reconcile-breakout-and-order-by-bucketing ==
== Linting metabase.query-processor.middleware.process-userland-query ==
== Linting metabase.query-processor.middleware.annotate ==
== Linting metabase.query-processor.middleware.validate ==
== Linting metabase.query-processor.middleware.normalize-query ==
== Linting metabase.query-processor.middleware.pre-alias-aggregations ==
== Linting metabase.query-processor.middleware.add-implicit-joins ==
== Linting metabase.query-processor.middleware.format-rows ==
== Linting metabase.query-processor.middleware.splice-params-in-response ==
== Linting metabase.query-processor.middleware.catch-exceptions ==
== Linting metabase.query-processor.middleware.resolve-joins ==
== Linting metabase.query-processor.middleware.expand-macros ==
== Linting metabase.query-processor ==
== Linting metabase.query-processor.async ==
== Linting metabase.automagic-dashboards.populate ==
== Linting metabase.models.dashboard ==
== Linting metabase.models.pulse-card ==
== Linting metabase.models.pulse-channel-recipient ==
== Linting metabase.models.pulse-channel ==
== Linting metabase.models.pulse ==
== Linting metabase-enterprise.serialization.names ==
== Linting metabase-enterprise.serialization.upsert ==
== Linting metabase.db.migrations ==
== Linting metabase.driver.sql-jdbc.execute.old-impl ==
== Linting metabase.driver.sql.query-processor ==
== Linting metabase.util.ssh ==
== Linting metabase.driver.sql-jdbc.connection ==
== Linting metabase.driver.sql-jdbc.sync ==
== Linting metabase.driver.sql-jdbc.execute ==
== Linting metabase.models.activity ==
== Linting metabase.driver.sql-jdbc.common ==
== Linting metabase.models.dashboard-favorite ==
== Linting metabase.driver.sql.util ==
== Linting metabase.driver.sql.util.unprepare ==
== Linting metabase.models.native-query-snippet.permissions ==
== Linting metabase.models.native-query-snippet ==
== Linting metabase.models.card-favorite ==
== Linting metabase.models.metric-important-field ==
== Linting metabase.models.collection-revision ==
== Linting metabase.models.view-log ==
== Linting metabase.models ==
== Linting metabase.driver.postgres ==
== Linting metabase-enterprise.sandbox.models.group-table-access-policy ==
== Linting metabase-enterprise.sandbox.api.gtap ==
== Linting metabase.util.embed ==
== Linting metabase.api.geojson ==
== Linting metabase.api.testing ==
== Linting metabase.sync.sync-metadata.sync-timezone ==
== Linting metabase.core.initialization-status ==
== Linting metabase.middleware.session ==
== Linting metabase.integrations.slack ==
== Linting metabase.metabot.slack ==
== Linting metabase.pulse ==
== Linting metabase.metabot.command ==
== Linting metabase.metabot.events ==
== Linting metabase.api.permission-graph ==
== Linting metabase.metabot.instance ==
== Linting metabase.metabot.websocket ==
== Linting metabase.metabot ==
== Linting metabase.api.permissions ==
== Linting metabase.setup ==
== Linting metabase.related ==
== Linting metabase.util.files ==
== Linting metabase.util.yaml ==
== Linting metabase.automagic-dashboards.rules ==
== Linting metabase.sync.analyze.classifiers.category ==
== Linting metabase.sync.analyze.classifiers.text-fingerprint ==
== Linting metabase.sync.analyze.classifiers.no-preview-display ==
== Linting metabase.sync.analyze.classify ==
== Linting metabase.automagic-dashboards.visualization-macros ==
== Linting metabase.automagic-dashboards.core ==
== Linting metabase.automagic-dashboards.comparison ==
== Linting metabase.api.email ==
== Linting metabase.integrations.common ==
== Linting metabase.integrations.ldap.interface ==
== Linting metabase.integrations.ldap.default-implementation ==
== Linting metabase.integrations.ldap ==
== Linting metabase.api.session ==
== Linting metabase.util.stats ==
== Linting metabase.troubleshooting ==
== Linting metabase.logger ==
== Linting metabase.api.util ==
== Linting metabase.sync.sync-metadata.fields.common ==
== Linting metabase.sync.fetch-metadata ==
== Linting metabase.sync.sync-metadata.fields.fetch-metadata ==
== Linting metabase.sync.sync-metadata.fields.sync-instances ==
== Linting metabase.sync.sync-metadata.fields.sync-metadata ==
== Linting metabase.sync.sync-metadata.fields ==
== Linting metabase.sync.sync-metadata.metabase-metadata ==
== Linting metabase.sync.sync-metadata.tables ==
== Linting metabase.sync.field-values ==
== Linting metabase.db.metadata-queries ==
== Linting metabase.sync.analyze.fingerprint ==
== Linting metabase.sync.sync-metadata.fks ==
== Linting metabase.sync.analyze ==
== Linting metabase.sync.sync-metadata ==
== Linting metabase.sync ==
== Linting metabase.domain-entities.specs ==
== Linting metabase.api.dataset ==
== Linting metabase.task ==
== Linting metabase.models.params.chain-filter.dedupe-joins ==
== Linting metabase.models.params.chain-filter ==
== Linting metabase.api.dashboard ==
== Linting metabase.api.card ==
== Linting metabase.api.field ==
== Linting metabase.api.public ==
== Linting metabase.api.embed ==
== Linting metabase.api.preview-embed ==
== Linting metabase.models.collection.graph ==
== Linting metabase.api.collection ==
== Linting metabase.api.metastore ==
== Linting metabase.middleware.security ==
== Linting metabase.middleware.exceptions ==
== Linting metabase.transforms.materialize ==
== Linting metabase.domain-entities.core ==
== Linting metabase.transforms.specs ==
== Linting metabase.transforms.core ==
== Linting metabase.api.table ==
== Linting metabase.sample-data ==
== Linting metabase.api.database ==
== Linting metabase.api.setting ==
== Linting metabase.api.query-description ==
== Linting metabase.server ==
== Linting metabase.middleware.log ==
== Linting metabase.api.task ==
== Linting metabase.api.setup ==
== Linting metabase.api.transform ==
== Linting metabase.api.native-query-snippet ==
== Linting metabase.api.search ==
== Linting metabase.transforms.dashboard ==
== Linting metabase.api.automagic-dashboards ==
== Linting metabase.api.activity ==
== Linting metabase.api.tiles ==
== Linting metabase.api.pulse ==
== Linting metabase.api.slack ==
== Linting metabase.api.metric ==
== Linting metabase.middleware.auth ==
== Linting metabase.api.segment ==
== Linting metabase.api.ldap ==
== Linting metabase.api.alert ==
== Linting metabase.api.revision ==
== Linting metabase.api.notify ==
== Linting metabase.api.user ==
== Linting metabase.api.routes ==
== Linting metabase.middleware.json ==
== Linting metabase.middleware.ssl ==
== Linting metabase.routes.index ==
== Linting metabase.routes ==
== Linting metabase.handler ==
== Linting metabase.plugins.jdbc-proxy ==
== Linting metabase.plugins.init-steps ==
== Linting metabase-enterprise.audit.pages.common.cards ==
== Linting metabase-enterprise.serialization.serialize ==
== Linting metabase-enterprise.serialization.dump ==
== Linting metabase-enterprise.audit.query-processor.middleware.handle-audit-queries ==
== Linting metabase-enterprise.audit.pages.common ==
== Linting metabase-enterprise.audit.pages.table-detail ==
== Linting metabase.driver.google ==
== Linting metabase.driver.googleanalytics.client ==
== Linting metabase.driver.googleanalytics.metadata ==
== Linting metabase-enterprise.sso.integrations.sso-settings ==
== Linting metabase-enterprise.sso.integrations.sso-utils ==
== Linting metabase-enterprise.sso.api.sso ==
== Linting metabase-enterprise.sso.integrations.saml ==
== Linting metabase.driver.mongo.query-processor ==
== Linting metabase.driver.mongo.util ==
== Linting metabase.driver.mongo.execute ==
== Linting metabase.driver.common.parameters ==
== Linting metabase.driver.common.parameters.parse ==
== Linting metabase.driver.common.parameters.values ==
== Linting metabase.driver.mongo.parameters ==
== Linting metabase-enterprise.audit.pages.database-detail ==
== Linting metabase.task.follow-up-emails ==
== Linting metabase-enterprise.sandbox.api.table ==
== Linting metabase.events.last-login ==
== Linting metabase.driver.sql.parameters.substitution ==
== Linting metabase.driver.sql.parameters.substitute ==
== Linting metabase.driver.sql ==
== Linting metabase-enterprise.enhancements.ee-strategy-impl ==
== Linting metabase-enterprise.enhancements.integrations.ldap ==
== Linting metabase.cmd.refresh-integration-test-db-metadata ==
== Linting metabase.driver.druid.js ==
== Linting metabase.driver.druid.query-processor ==
== Linting metabase.driver.druid.execute ==
== Linting metabase.driver.sql-jdbc.execute.legacy-impl ==
== Linting metabase.driver.sql-jdbc ==
== Linting metabase.driver.snowflake ==
== Linting metabase.driver.googleanalytics.query-processor ==
== Linting metabase.query-processor.middleware.log ==
== Linting metabase.driver.h2 ==
== Linting metabase.task.send-pulses ==
== Linting metabase.plugins.dependencies ==
== Linting metabase.driver.bigquery.query-processor ==
== Linting metabase.driver.bigquery.params ==
== Linting metabase.driver.bigquery.common ==
== Linting metabase.driver.bigquery ==
== Linting metabase.cmd.load-from-h2 ==
== Linting metabase.driver.redshift ==
== Linting metabase-enterprise.audit.pages.query-detail ==
== Linting metabase-enterprise.audit.pages.downloads ==
== Linting metabase.task.upgrade-checks ==
== Linting metabase-enterprise.audit.pages.queries ==
== Linting metabase-enterprise.serialization.load ==
== Linting metabase-enterprise.sandbox.query-processor.middleware.column-level-perms-check ==
== Linting metabase-enterprise.audit.pages.common.card-and-dashboard-detail ==
== Linting metabase-enterprise.audit.pages.question-detail ==
== Linting metabase.events.activity-feed ==
== Linting metabase.cmd ==
== Linting metabase.driver.mysql ==
== Linting metabase.plugins.lazy-loaded-driver ==
== Linting metabase.plugins.initialize ==
== Linting metabase.plugins ==
== Linting metabase.events.sync-database ==
== Linting metabase.cmd.driver-methods ==
== Linting metabase.task.task-history-cleanup ==
== Linting metabase.events.revision ==
== Linting metabase.driver.presto ==
== Linting metabase.driver.druid.client ==
== Linting metabase.driver.druid.sync ==
== Linting metabase.driver.druid ==
== Linting metabase-enterprise.sandbox.query-processor.middleware.row-level-restrictions ==
== Linting metabase.driver.sqlite ==
== Linting metabase.core ==
== Linting metabase-enterprise.sandbox.api.user ==
== Linting metabase-enterprise.sandbox.api.routes ==
== Linting metabase.driver.googleanalytics.execute ==
== Linting metabase.driver.googleanalytics ==
== Linting metabase.driver.hive-like ==
== Linting metabase-enterprise.enhancements.models.native-query-snippet.permissions ==
== Linting metabase.cmd.endpoint-dox ==
== Linting dev.render-png ==
== Linting metabase-enterprise.sso.integrations.jwt ==
== Linting metabase-enterprise.audit.pages.users ==
== Linting metabase.events.notifications ==
== Linting metabase-enterprise.sso.api.routes ==
== Linting metabase.driver.sqlserver ==
== Linting metabase-enterprise.audit.pages.common.dashboards ==
== Linting metabase-enterprise.audit.pages.dashboards ==
== Linting metabase-enterprise.audit.pages.schemas ==
== Linting metabase-enterprise.audit.pages.tables ==
== Linting metabase.driver.sparksql ==
== Linting metabase.cmd.reset-password ==
== Linting metabase-enterprise.audit.pages.dashboard-detail ==
== Linting metabase-enterprise.audit.pages.databases ==
== Linting metabase.task.sync-databases ==
== Linting metabase.async.api-response ==
== Linting metabase.events.view-log ==
== Linting metabase-enterprise.audit.pages.user-detail ==
== Linting metabase.driver.mongo ==
== Linting metabase-enterprise.serialization.cmd ==
== Linting metabase.task.send-anonymous-stats ==
== Linting metabase-enterprise.sandbox.api.util ==
== Linting metabase.events.driver-notifications ==
== Linting metabase.cmd.dump-to-h2 ==
== Linting metabase.events.metabot-lifecycle ==
== Linting metabase.events.dependencies ==
== Linting metabase.driver.FixedHiveConnection ==
== Linting user ==
== Linting metabase-enterprise.core ==
== Linting metabase.driver.FixedHiveDriver ==
== Linting done in 107710 ms ==
== Warnings: 1 (not including reflection warnings)  Exceptions thrown: 0
Error encountered performing task 'eastwood' with profile(s): 'base,system,user,provided,dev,ci,oss,eastwood'
Subprocess failed
Error encountered performing task 'eastwood' with profile(s): 'base,system,user,provided,dev,ci,oss'
Suppressed exit
